<?xml version="1.0" encoding="UTF-8"?>
<!-- Generated by org.testng.reporters.JUnitXMLReporter -->
<testsuite ignored="0" hostname="LAPTOP-FT9RV0AE" failures="0" tests="8" name="PetTest" time="13.832" errors="0" timestamp="2024-08-04T01:55:50 IST">
  <testcase classname="api.test.UserTests" name="testPostUser" time="2.396"/>
  <testcase classname="api.test.UserTests" name="testGetUser" time="1.202"/>
  <testcase classname="api.test.UserTests" name="testUpdateUserByName" time="2.384"/>
  <testcase classname="api.test.UserTests" name="testDeleteUserByName" time="1.134"/>
  <testcase classname="api.test.UserTests2" name="testPostUser" time="1.153"/>
  <testcase classname="api.test.UserTests2" name="testGetUser" time="1.19"/>
  <testcase classname="api.test.UserTests2" name="testUpdateUserByName" time="2.373"/>
  <testcase classname="api.test.UserTests2" name="testDeleteUserByName" time="1.153"/>
</testsuite> <!-- PetTest -->
