<?xml version="1.0" encoding="UTF-8"?>
<!-- Generated by org.testng.reporters.JUnitXMLReporter -->
<testsuite ignored="0" hostname="LAPTOP-FT9RV0AE" failures="0" tests="10" name="Surefire test" time="18.42" errors="0" timestamp="2024-08-04T02:02:27 IST">
  <testcase classname="api.test.DDTests" name="testPostuser" time="3.457"/>
  <testcase classname="api.test.DDTests" name="testPostuser" time="1.144"/>
  <testcase classname="api.test.DDTests" name="testPostuser" time="1.102"/>
  <testcase classname="api.test.DDTests" name="testDeleteUserByName" time="1.193"/>
  <testcase classname="api.test.DDTests" name="testDeleteUserByName" time="1.095"/>
  <testcase classname="api.test.DDTests" name="testDeleteUserByName" time="1.156"/>
  <testcase classname="api.test.UserTests" name="testPostUser" time="1.27"/>
  <testcase classname="api.test.UserTests" name="testGetUser" time="1.218"/>
  <testcase classname="api.test.UserTests" name="testUpdateUserByName" time="2.403"/>
  <testcase classname="api.test.UserTests" name="testDeleteUserByName" time="1.222"/>
</testsuite> <!-- Surefire test -->
