<?xml version="1.0" encoding="UTF-8"?>
<!-- Generated by org.testng.reporters.JUnitXMLReporter -->
<testsuite ignored="0" hostname="LAPTOP-FT9RV0AE" failures="0" tests="6" name="Default test" time="12.343" errors="0" timestamp="2024-08-01T01:30:25 IST">
  <testcase classname="api.test.DDTests" name="testPostuser" time="3.102"/>
  <testcase classname="api.test.DDTests" name="testPostuser" time="1.58"/>
  <testcase classname="api.test.DDTests" name="testPostuser" time="1.533"/>
  <testcase classname="api.test.DDTests" name="testDeleteUserByName" time="1.54"/>
  <testcase classname="api.test.DDTests" name="testDeleteUserByName" time="1.533"/>
  <testcase classname="api.test.DDTests" name="testDeleteUserByName" time="1.534"/>
</testsuite> <!-- Default test -->
