<?xml version="1.0" encoding="UTF-8"?>
<testsuite xmlns:xsi="http://www.w3.org/2001/XMLSchema-instance" xsi:noNamespaceSchemaLocation="https://maven.apache.org/surefire/maven-surefire-plugin/xsd/surefire-test-report.xsd" version="3.0.2" name="TestSuite" time="19.506" tests="10" errors="0" skipped="0" failures="0">
  <properties>
[...]
</properties>
  <testcase name="testPostuser[1010, Testuser1, John, Sen, a@gmail.com, test@1, 12564789](1)" classname="api.test.DDTests" time="3.479"/>
  <testcase name="testPostuser[1020, Testuser2, Merry, Cenna, b@gmail.com, test@2, 45879654](2)" classname="api.test.DDTests" time="1.143"/>
  <testcase name="testPostuser[1030, Testuser3, Kim, Lola, c@gmail.com, test@3, 47558955](3)" classname="api.test.DDTests" time="1.111"/>
  <testcase name="testDeleteUserByName[Testuser1](1)" classname="api.test.DDTests" time="1.194"/>
  <testcase name="testDeleteUserByName[Testuser2](2)" classname="api.test.DDTests" time="1.104"/>
  <testcase name="testDeleteUserByName[Testuser3](3)" classname="api.test.DDTests" time="1.157"/>
  <testcase name="testPostUser" classname="api.test.UserTests" time="1.276">
    <system-out><![CDATA[HTTP/1.1 200 OK
Date: Sat, 03 Aug 2024 20:32:22 GMT
Content-Type: application/json
Transfer-Encoding: chunked
Connection: keep-alive
Access-Control-Allow-Origin: *
Access-Control-Allow-Methods: GET, POST, DELETE, PUT
Access-Control-Allow-Headers: Content-Type, api_key, Authorization
Server: Jetty(9.2.9.v20150224)

{
    "code": 200,
    "type": "unknown",
    "message": "439636632"
}
]]></system-out>
  </testcase>
  <testcase name="testGetUser" classname="api.test.UserTests" time="1.227">
    <system-out><![CDATA[HTTP/1.1 200 OK
Date: Sat, 03 Aug 2024 20:32:23 GMT
Content-Type: application/json
Transfer-Encoding: chunked
Connection: keep-alive
Access-Control-Allow-Origin: *
Access-Control-Allow-Methods: GET, POST, DELETE, PUT
Access-Control-Allow-Headers: Content-Type, api_key, Authorization
Server: Jetty(9.2.9.v20150224)

{
    "id": 439636632,
    "username": "nicolle.jaskolski",
    "firstName": "Alana",
    "lastName": "Heathcote",
    "password": "rwn4bvqlk7byy",
    "phone": "967-510-2544",
    "userStatus": 0
}
]]></system-out>
  </testcase>
  <testcase name="testUpdateUserByName" classname="api.test.UserTests" time="2.4">
    <system-out><![CDATA[{
    "code": 200,
    "type": "unknown",
    "message": "439636632"
}
HTTP/1.1 200 OK
Date: Sat, 03 Aug 2024 20:32:26 GMT
Content-Type: application/json
Transfer-Encoding: chunked
Connection: keep-alive
Access-Control-Allow-Origin: *
Access-Control-Allow-Methods: GET, POST, DELETE, PUT
Access-Control-Allow-Headers: Content-Type, api_key, Authorization
Server: Jetty(9.2.9.v20150224)

{
    "id": 439636632,
    "username": "nicolle.jaskolski",
    "firstName": "Leatha",
    "lastName": "Feil",
    "password": "tonisha.kuhn@example.com",
    "phone": "967-510-2544",
    "userStatus": 0
}
]]></system-out>
  </testcase>
  <testcase name="testDeleteUserByName" classname="api.test.UserTests" time="1.227"/>
</testsuite>