<?xml version="1.0" encoding="UTF-8"?>
<testng-results ignored="0" total="8" passed="8" failed="0" skipped="0">
  <reporter-output>
  </reporter-output>
  <suite started-at="2024-08-04T01:55:36 IST" name="PetSuit" finished-at="2024-08-04T01:55:50 IST" duration-ms="13832">
    <groups>
    </groups>
    <test started-at="2024-08-04T01:55:36 IST" name="PetTest" finished-at="2024-08-04T01:55:50 IST" duration-ms="13832">
      <class name="api.test.UserTests2">
        <test-method is-config="true" signature="setup()[pri:0, instance:api.test.UserTests2@2bb3058]" started-at="2024-08-04T01:55:44 IST" name="setup" finished-at="2024-08-04T01:55:44 IST" duration-ms="30" status="PASS">
          <reporter-output>
          </reporter-output>
        </test-method> <!-- setup -->
        <test-method signature="testPostUser()[pri:1, instance:api.test.UserTests2@2bb3058]" started-at="2024-08-04T01:55:44 IST" name="testPostUser" finished-at="2024-08-04T01:55:45 IST" duration-ms="1153" status="PASS">
          <reporter-output>
          </reporter-output>
        </test-method> <!-- testPostUser -->
        <test-method signature="testGetUser()[pri:2, instance:api.test.UserTests2@2bb3058]" started-at="2024-08-04T01:55:45 IST" name="testGetUser" finished-at="2024-08-04T01:55:46 IST" duration-ms="1190" status="PASS">
          <reporter-output>
          </reporter-output>
        </test-method> <!-- testGetUser -->
        <test-method signature="testUpdateUserByName()[pri:3, instance:api.test.UserTests2@2bb3058]" started-at="2024-08-04T01:55:46 IST" name="testUpdateUserByName" finished-at="2024-08-04T01:55:48 IST" duration-ms="2373" status="PASS">
          <reporter-output>
          </reporter-output>
        </test-method> <!-- testUpdateUserByName -->
        <test-method signature="testDeleteUserByName()[pri:4, instance:api.test.UserTests2@2bb3058]" started-at="2024-08-04T01:55:48 IST" name="testDeleteUserByName" finished-at="2024-08-04T01:55:50 IST" duration-ms="1153" status="PASS">
          <reporter-output>
          </reporter-output>
        </test-method> <!-- testDeleteUserByName -->
      </class> <!-- api.test.UserTests2 -->
      <class name="api.test.UserTests">
        <test-method is-config="true" signature="setup()[pri:0, instance:api.test.UserTests@1046d517]" started-at="2024-08-04T01:55:36 IST" name="setup" finished-at="2024-08-04T01:55:36 IST" duration-ms="520" status="PASS">
          <reporter-output>
          </reporter-output>
        </test-method> <!-- setup -->
        <test-method signature="testPostUser()[pri:1, instance:api.test.UserTests@1046d517]" started-at="2024-08-04T01:55:36 IST" name="testPostUser" finished-at="2024-08-04T01:55:39 IST" duration-ms="2396" status="PASS">
          <reporter-output>
          </reporter-output>
        </test-method> <!-- testPostUser -->
        <test-method signature="testGetUser()[pri:2, instance:api.test.UserTests@1046d517]" started-at="2024-08-04T01:55:39 IST" name="testGetUser" finished-at="2024-08-04T01:55:40 IST" duration-ms="1202" status="PASS">
          <reporter-output>
          </reporter-output>
        </test-method> <!-- testGetUser -->
        <test-method signature="testUpdateUserByName()[pri:3, instance:api.test.UserTests@1046d517]" started-at="2024-08-04T01:55:40 IST" name="testUpdateUserByName" finished-at="2024-08-04T01:55:43 IST" duration-ms="2384" status="PASS">
          <reporter-output>
          </reporter-output>
        </test-method> <!-- testUpdateUserByName -->
        <test-method signature="testDeleteUserByName()[pri:4, instance:api.test.UserTests@1046d517]" started-at="2024-08-04T01:55:43 IST" name="testDeleteUserByName" finished-at="2024-08-04T01:55:44 IST" duration-ms="1134" status="PASS">
          <reporter-output>
          </reporter-output>
        </test-method> <!-- testDeleteUserByName -->
      </class> <!-- api.test.UserTests -->
    </test> <!-- PetTest -->
  </suite> <!-- PetSuit -->
</testng-results>
